<?xml version="1.0" encoding="UTF-8"?>
<!-- Generated by org.testng.reporters.JUnitXMLReporter -->
<testsuite ignored="3" hostname="SharonS" failures="0" tests="1" name="Test" time="0.077" errors="0" timestamp="2023-08-24T08:21:39 IST">
  <testcase classname="org.pageexe.CommonFunctionalities" name="method4" time="0.013"/>
  <testcase classname="org.pageexe.CommonFunctionalities" name="method1" time="0.0">
    <ignored/>
  </testcase> <!-- method1 -->
  <testcase classname="org.pageexe.CommonFunctionalities" name="method2" time="0.0">
    <ignored/>
  </testcase> <!-- method2 -->
  <testcase classname="org.pageexe.CommonFunctionalities" name="method3" time="0.0">
    <ignored/>
  </testcase> <!-- method3 -->
</testsuite> <!-- Test -->
