<?xml version="1.0" encoding="UTF-8"?>
<!-- Generated by org.testng.reporters.JUnitXMLReporter -->
<testsuite ignored="1" hostname="SharonS" failures="0" tests="2" name="TestPE" time="2.117" errors="0" timestamp="2023-08-31T10:45:36 IST">
  <testcase classname="org.parallela.ParallelExe1" name="test2" time="2.024"/>
  <testcase classname="org.parallela.ParallelExe" name="test1" time="2.023"/>
  <testcase classname="org.parallela.ParallelExe" name="test2" time="0.0">
    <ignored/>
  </testcase> <!-- test2 -->
</testsuite> <!-- TestPE -->
