<?xml version="1.0" encoding="UTF-8"?>
<!-- Generated by org.testng.reporters.JUnitXMLReporter -->
<testsuite ignored="2" hostname="SharonS" failures="0" tests="2" name="TestGT" time="0.11" errors="0" timestamp="2023-08-30T07:10:00 IST">
  <testcase classname="org.pageexe.GroupTest" name="test1" time="0.013"/>
  <testcase classname="org.pageexe.GroupTest" name="test2" time="0.003"/>
  <testcase classname="org.pageexe.GroupTest" name="test3" time="0.0">
    <ignored/>
  </testcase> <!-- test3 -->
  <testcase classname="org.pageexe.GroupTest" name="test4" time="0.0">
    <ignored/>
  </testcase> <!-- test4 -->
</testsuite> <!-- TestGT -->
